<?xml version="1.0" encoding="UTF-8"?>
<!-- Generated by org.testng.reporters.JUnitReportReporter -->
<testsuite hostname="MacBook-Pro-2.local" failures="0" tests="1" name="com.Practice.SeliniumTest.mainClass" time="21.270" errors="0" timestamp="2021-09-29T16:37:58 EDT" skipped="0">
  <testcase classname="com.Practice.SeliniumTest.mainClass" name="selectdestination" time="21.270"/>
  <system-out/>
</testsuite> <!-- com.Practice.SeliniumTest.mainClass -->
