<?xml version="1.0" encoding="UTF-8"?>
<!-- Generated by org.testng.reporters.JUnitReportReporter -->
<testsuite hostname="MacBook-Pro-2.local" failures="0" tests="1" name="com.Practice.SeliniumTest.testcase" time="25.574" errors="0" timestamp="2021-09-29T21:23:34 EDT" skipped="0">
  <testcase classname="com.Practice.SeliniumTest.testcase" name="bookTicket" time="25.574"/>
  <system-out/>
</testsuite> <!-- com.Practice.SeliniumTest.testcase -->
