<?xml version="1.0" encoding="UTF-8"?>
<!-- Generated by org.testng.reporters.JUnitReportReporter -->
<testsuite hostname="MacBook-Pro-2.local" failures="0" tests="2" name="com.Practice.SeliniumTest.sampleTest" time="9.667" errors="0" timestamp="2021-04-22T13:37:06 EDT" skipped="0">
  <testcase classname="com.Practice.SeliniumTest.sampleTest" name="verifyPageTitleTest" time="5.833"/>
  <system-out/>
  <testcase classname="com.Practice.SeliniumTest.sampleTest" name="verifyLogo" time="3.834"/>
  <system-out/>
</testsuite> <!-- com.Practice.SeliniumTest.sampleTest -->
